2018-06-10 14:49:54,881 ERROR [play-dev-mode-akka.actor.default-dispatcher-7] n.s.e.Cache [?:?] Unable to set localhost. This prevents creation of a GUID. Cause was: arpit-probook: arpit-probook: unknown error
java.net.UnknownHostException: arpit-probook: arpit-probook: unknown error
	at java.net.InetAddress.getLocalHost(InetAddress.java:1505)
	at net.sf.ehcache.Cache.<clinit>(Cache.java:222)
	at net.sf.ehcache.config.ConfigurationHelper.createCache(ConfigurationHelper.java:305)
	at net.sf.ehcache.config.ConfigurationHelper.createDefaultCache(ConfigurationHelper.java:223)
	at net.sf.ehcache.CacheManager.configure(CacheManager.java:783)
	at net.sf.ehcache.CacheManager.doInit(CacheManager.java:470)
	at net.sf.ehcache.CacheManager.init(CacheManager.java:394)
	at net.sf.ehcache.CacheManager.<init>(CacheManager.java:269)
	at net.sf.ehcache.CacheManager.newInstance(CacheManager.java:1103)
	at net.sf.ehcache.CacheManager.newInstance(CacheManager.java:999)
	at net.sf.ehcache.CacheManager.create(CacheManager.java:966)
	at play.api.cache.ehcache.CacheManagerProvider.get$lzycompute(EhCacheApi.scala:105)
	at play.api.cache.ehcache.CacheManagerProvider.get(EhCacheApi.scala:102)
	at play.api.cache.ehcache.CacheManagerProvider.get(EhCacheApi.scala:101)
	at com.google.inject.internal.ProviderInternalFactory.provision(ProviderInternalFactory.java:81)
	at com.google.inject.internal.BoundProviderFactory.provision(BoundProviderFactory.java:72)
	at com.google.inject.internal.ProviderInternalFactory.circularGet(ProviderInternalFactory.java:61)
	at com.google.inject.internal.BoundProviderFactory.get(BoundProviderFactory.java:62)
	at com.google.inject.internal.SingleFieldInjector.inject(SingleFieldInjector.java:54)
	at com.google.inject.internal.MembersInjectorImpl.injectMembers(MembersInjectorImpl.java:132)
	at com.google.inject.internal.MembersInjectorImpl$1.call(MembersInjectorImpl.java:93)
	at com.google.inject.internal.MembersInjectorImpl$1.call(MembersInjectorImpl.java:80)
	at com.google.inject.internal.InjectorImpl.callInContext(InjectorImpl.java:1092)
	at com.google.inject.internal.MembersInjectorImpl.injectAndNotify(MembersInjectorImpl.java:80)
	at com.google.inject.internal.MembersInjectorImpl.injectMembers(MembersInjectorImpl.java:62)
	at com.google.inject.internal.InjectorImpl.injectMembers(InjectorImpl.java:987)
	at com.google.inject.util.Providers$GuicifiedProviderWithDependencies.initialize(Providers.java:149)
	at com.google.inject.util.Providers$GuicifiedProviderWithDependencies$$FastClassByGuice$$2a7177aa.invoke(<generated>)
	at com.google.inject.internal.SingleMethodInjector$1.invoke(SingleMethodInjector.java:54)
	at com.google.inject.internal.SingleMethodInjector.inject(SingleMethodInjector.java:89)
	at com.google.inject.internal.MembersInjectorImpl.injectMembers(MembersInjectorImpl.java:132)
	at com.google.inject.internal.MembersInjectorImpl$1.call(MembersInjectorImpl.java:93)
	at com.google.inject.internal.MembersInjectorImpl$1.call(MembersInjectorImpl.java:80)
	at com.google.inject.internal.InjectorImpl.callInContext(InjectorImpl.java:1085)
	at com.google.inject.internal.MembersInjectorImpl.injectAndNotify(MembersInjectorImpl.java:80)
	at com.google.inject.internal.Initializer$InjectableReference.get(Initializer.java:223)
	at com.google.inject.internal.Initializer.injectAll(Initializer.java:132)
	at com.google.inject.internal.InternalInjectorCreator.injectDynamically(InternalInjectorCreator.java:174)
	at com.google.inject.internal.InternalInjectorCreator.build(InternalInjectorCreator.java:110)
	at com.google.inject.Guice.createInjector(Guice.java:99)
	at com.google.inject.Guice.createInjector(Guice.java:84)
	at play.api.inject.guice.GuiceBuilder.injector(GuiceInjectorBuilder.scala:185)
	at play.api.inject.guice.GuiceApplicationBuilder.build(GuiceApplicationBuilder.scala:137)
	at play.api.inject.guice.GuiceApplicationLoader.load(GuiceApplicationLoader.scala:21)
	at play.core.server.DevServerStart$$anon$1.$anonfun$reload$3(DevServerStart.scala:174)
	at play.utils.Threads$.withContextClassLoader(Threads.scala:21)
	at play.core.server.DevServerStart$$anon$1.reload(DevServerStart.scala:171)
	at play.core.server.DevServerStart$$anon$1.get(DevServerStart.scala:124)
	at play.core.server.AkkaHttpServer.handleRequest(AkkaHttpServer.scala:222)
	at play.core.server.AkkaHttpServer.$anonfun$createServerBinding$1(AkkaHttpServer.scala:137)
	at akka.stream.impl.fusing.MapAsync$$anon$25.onPush(Ops.scala:1194)
	at akka.stream.impl.fusing.GraphInterpreter.processPush(GraphInterpreter.scala:519)
	at akka.stream.impl.fusing.GraphInterpreter.processEvent(GraphInterpreter.scala:482)
	at akka.stream.impl.fusing.GraphInterpreter.execute(GraphInterpreter.scala:378)
	at akka.stream.impl.fusing.GraphInterpreterShell.runBatch(ActorGraphInterpreter.scala:585)
	at akka.stream.impl.fusing.GraphInterpreterShell$AsyncInput.execute(ActorGraphInterpreter.scala:469)
	at akka.stream.impl.fusing.GraphInterpreterShell.processEvent(ActorGraphInterpreter.scala:560)
	at akka.stream.impl.fusing.ActorGraphInterpreter.akka$stream$impl$fusing$ActorGraphInterpreter$$processEvent(ActorGraphInterpreter.scala:742)
	at akka.stream.impl.fusing.ActorGraphInterpreter$$anonfun$receive$1.applyOrElse(ActorGraphInterpreter.scala:757)
	at akka.actor.Actor.aroundReceive(Actor.scala:517)
	at akka.actor.Actor.aroundReceive$(Actor.scala:515)
	at akka.stream.impl.fusing.ActorGraphInterpreter.aroundReceive(ActorGraphInterpreter.scala:667)
	at akka.actor.ActorCell.receiveMessage(ActorCell.scala:590)
	at akka.actor.ActorCell.invoke(ActorCell.scala:559)
	at akka.dispatch.Mailbox.processMailbox(Mailbox.scala:257)
	at akka.dispatch.Mailbox.run(Mailbox.scala:224)
	at akka.dispatch.Mailbox.exec(Mailbox.scala:234)
	at akka.dispatch.forkjoin.ForkJoinTask.doExec(ForkJoinTask.java:260)
	at akka.dispatch.forkjoin.ForkJoinPool$WorkQueue.runTask(ForkJoinPool.java:1339)
	at akka.dispatch.forkjoin.ForkJoinPool.runWorker(ForkJoinPool.java:1979)
	at akka.dispatch.forkjoin.ForkJoinWorkerThread.run(ForkJoinWorkerThread.java:107)
Caused by: java.net.UnknownHostException: arpit-probook: unknown error
	at java.net.Inet6AddressImpl.lookupAllHostAddr(Native Method)
	at java.net.InetAddress$2.lookupAllHostAddr(InetAddress.java:928)
	at java.net.InetAddress.getAddressesFromNameService(InetAddress.java:1323)
	at java.net.InetAddress.getLocalHost(InetAddress.java:1500)
	... 70 common frames omitted
2018-06-10 14:49:55,588 INFO [play-dev-mode-akka.actor.default-dispatcher-7] p.a.h.EnabledFilters [?:?] Enabled Filters (see <https://www.playframework.com/documentation/latest/Filters>):

    play.filters.csrf.CSRFFilter
    play.filters.headers.SecurityHeadersFilter
    play.filters.hosts.AllowedHostsFilter

2018-06-10 14:49:55,655 INFO [play-dev-mode-akka.actor.default-dispatcher-7] p.api.Play [?:?] Application started (Dev)
