2018-06-08 16:52:38,677 getSms null null null
2018-06-08 16:53:27,577 getSms 
2018-06-08 16:54:46,392 getSms 941414141414 565656365646536 null
2018-06-08 17:27:37,584 getSms 941414141414 565656365646536 null
2018-06-08 17:33:05,675 getSms 941414141414 565656365646536 iloveyou
2018-06-08 17:34:19,223 getSms 941414141414 565656365646536 iloveyouSTOP
2018-06-08 17:36:26,488 getSms 941414141414 565656365646536 iloveyouSTOP
2018-06-08 17:36:26,525 get cache 941414141414
2018-06-08 19:15:58,748 outboundSms 941414141414 565656365646536 iloveyouSTOP
2018-06-08 19:15:58,753 get cache in outboundSms null
2018-06-08 19:16:27,642 getSms 941414141414 565656365646536 iloveyouSTOP
2018-06-08 19:16:27,691 get cache 941414141414
2018-06-08 19:16:37,370 outboundSms 941414141414 565656365646536 iloveyouSTOP
2018-06-08 19:16:37,372 get cache in outboundSms 941414141414
2018-06-08 19:18:04,397 outboundSms 941414141414 56565636564536 iloveyouSTOP
2018-06-08 19:18:04,398 get cache in outboundSms null
2018-06-08 19:18:13,389 outboundSms 941414141414 56565636564536 
2018-06-08 19:28:20,805 outboundSms 941414141414 56565636564536 null
2018-06-08 19:48:29,226 outboundSms 941414141414 56565636564536 null
2018-06-08 19:49:06,744 outboundSms 941414141414 56565636564536 null
2018-06-08 19:49:06,748 get Count in outboundSms 2
2018-06-08 19:49:21,934 outboundSms 941414141414 56565636564536 null
2018-06-08 19:49:21,935 get Count in outboundSms 2
2018-06-08 19:50:44,700 outboundSms 941414141414 56565636564536 null
2018-06-08 19:50:45,829 outboundSms 941414141414 56565636564536 null
2018-06-08 19:50:45,829 get Count in outboundSms 2
2018-06-08 19:50:47,008 outboundSms 941414141414 56565636564536 null
2018-06-08 19:50:47,008 get Count in outboundSms 3
2018-06-08 19:50:47,392 outboundSms 941414141414 56565636564536 null
2018-06-08 19:50:47,393 get Count in outboundSms 4
2018-06-08 19:50:47,702 outboundSms 941414141414 56565636564536 null
2018-06-08 19:50:47,702 get Count in outboundSms 5
